<?xml version="1.0" encoding="UTF-8"?>
<!-- Generated by org.testng.reporters.JUnitXMLReporter -->
<testsuite hostname="AnnaThan-Plus65-MBP-23.local" ignored="0" name="Default test" tests="7" failures="0" timestamp="26 Mar 2018 10:33:21 GMT" time="0.04" errors="0">
  <testcase name="@BeforeMethod setup" time="0.0" classname="Cirro.Test.MemberTestSuit">
    <failure type="org.testng.TestNGException" message="
Parameter &amp;apos;browser&amp;apos; is required by BeforeMethod on method setup but has not been marked @Optional or defined
in /private/var/folders/c3/9gd8mh156tj0900r3h7dhp900000gq/T/testng-eclipse--1313985469/testng-customsuite.xml">
      <![CDATA[org.testng.TestNGException: 
Parameter 'browser' is required by BeforeMethod on method setup but has not been marked @Optional or defined
in /private/var/folders/c3/9gd8mh156tj0900r3h7dhp900000gq/T/testng-eclipse--1313985469/testng-customsuite.xml
	at org.testng.internal.Parameters.createParameters(Parameters.java:199)
	at org.testng.internal.Parameters.createParameters(Parameters.java:443)
	at org.testng.internal.Parameters.createConfigurationParameters(Parameters.java:118)
	at org.testng.internal.Invoker.invokeConfigurations(Invoker.java:206)
	at org.testng.internal.Invoker.invokeMethod(Invoker.java:599)
	at org.testng.internal.Invoker.invokeTestMethod(Invoker.java:869)
	at org.testng.internal.Invoker.invokeTestMethods(Invoker.java:1193)
	at org.testng.internal.TestMethodWorker.invokeTestMethods(TestMethodWorker.java:126)
	at org.testng.internal.TestMethodWorker.run(TestMethodWorker.java:109)
	at org.testng.TestRunner.privateRun(TestRunner.java:744)
	at org.testng.TestRunner.run(TestRunner.java:602)
	at org.testng.SuiteRunner.runTest(SuiteRunner.java:380)
	at org.testng.SuiteRunner.runSequentially(SuiteRunner.java:375)
	at org.testng.SuiteRunner.privateRun(SuiteRunner.java:340)
	at org.testng.SuiteRunner.run(SuiteRunner.java:289)
	at org.testng.SuiteRunnerWorker.runSuite(SuiteRunnerWorker.java:52)
	at org.testng.SuiteRunnerWorker.run(SuiteRunnerWorker.java:86)
	at org.testng.TestNG.runSuitesSequentially(TestNG.java:1301)
	at org.testng.TestNG.runSuitesLocally(TestNG.java:1226)
	at org.testng.TestNG.runSuites(TestNG.java:1144)
	at org.testng.TestNG.run(TestNG.java:1115)
	at org.testng.remote.AbstractRemoteTestNG.run(AbstractRemoteTestNG.java:132)
	at org.testng.remote.RemoteTestNG.initAndRun(RemoteTestNG.java:230)
	at org.testng.remote.RemoteTestNG.main(RemoteTestNG.java:76)
]]>
    </failure>
  </testcase> <!-- @BeforeMethod setup -->
  <testcase name="@BeforeMethod setup" time="0.0" classname="Cirro.Test.MemberTestSuit">
    <skipped/>
  </testcase> <!-- @BeforeMethod setup -->
  <testcase name="@BeforeMethod setup" time="0.0" classname="Cirro.Test.MemberTestSuit">
    <skipped/>
  </testcase> <!-- @BeforeMethod setup -->
  <testcase name="@BeforeMethod setup" time="0.0" classname="Cirro.Test.MemberTestSuit">
    <skipped/>
  </testcase> <!-- @BeforeMethod setup -->
  <testcase name="@BeforeMethod setup" time="0.0" classname="Cirro.Test.MemberTestSuit">
    <skipped/>
  </testcase> <!-- @BeforeMethod setup -->
  <testcase name="@BeforeMethod setup" time="0.0" classname="Cirro.Test.MemberTestSuit">
    <skipped/>
  </testcase> <!-- @BeforeMethod setup -->
  <testcase name="@BeforeMethod setup" time="0.0" classname="Cirro.Test.MemberTestSuit">
    <skipped/>
  </testcase> <!-- @BeforeMethod setup -->
  <testcase name="checkUserAccountStatus" time="0.0" classname="Cirro.Test.MemberTestSuit">
    <skipped/>
  </testcase> <!-- checkUserAccountStatus -->
  <testcase name="goToCirroCredits" time="0.0" classname="Cirro.Test.MemberTestSuit">
    <skipped/>
  </testcase> <!-- goToCirroCredits -->
  <testcase name="goToDigicoin" time="0.0" classname="Cirro.Test.MemberTestSuit">
    <skipped/>
  </testcase> <!-- goToDigicoin -->
  <testcase name="goToMyWallet" time="0.0" classname="Cirro.Test.MemberTestSuit">
    <skipped/>
  </testcase> <!-- goToMyWallet -->
  <testcase name="goToShoppingCredits" time="0.0" classname="Cirro.Test.MemberTestSuit">
    <skipped/>
  </testcase> <!-- goToShoppingCredits -->
  <testcase name="goToUSDCredit" time="0.0" classname="Cirro.Test.MemberTestSuit">
    <skipped/>
  </testcase> <!-- goToUSDCredit -->
  <testcase name="identityUpload" time="0.0" classname="Cirro.Test.MemberTestSuit">
    <skipped/>
  </testcase> <!-- identityUpload -->
</testsuite> <!-- Default test -->
